<?xml version="1.0" encoding="UTF-8"?>
<testsuite name="com.simongoller.baleTrackerAPI.service.AuthServiceTest" tests="5" skipped="0" failures="0" errors="0" timestamp="2023-12-06T18:59:19" hostname="Simons-MacBook-Air.local" time="1.3">
  <properties/>
  <testcase name="should prevent duplicate email registration()" classname="com.simongoller.baleTrackerAPI.service.AuthServiceTest" time="0.58"/>
  <testcase name="should register a new user()" classname="com.simongoller.baleTrackerAPI.service.AuthServiceTest" time="0.177"/>
  <testcase name="should reject login with incorrect credentials()" classname="com.simongoller.baleTrackerAPI.service.AuthServiceTest" time="0.246"/>
  <testcase name="should log in a registered user()" classname="com.simongoller.baleTrackerAPI.service.AuthServiceTest" time="0.206"/>
  <testcase name="should prevent duplicate username registration()" classname="com.simongoller.baleTrackerAPI.service.AuthServiceTest" time="0.086"/>
  <system-out><![CDATA[19:59:18.033 [Test worker] INFO org.springframework.test.context.support.AnnotationConfigContextLoaderUtils -- Could not detect default configuration classes for test class [com.simongoller.baleTrackerAPI.service.AuthServiceTest]: AuthServiceTest does not declare any static, non-private, non-final, nested classes annotated with @Configuration.
19:59:18.079 [Test worker] INFO org.springframework.boot.test.context.SpringBootTestContextBootstrapper -- Found @SpringBootConfiguration com.simongoller.baleTrackerAPI.BaleTrackerApiApplication for test class com.simongoller.baleTrackerAPI.service.AuthServiceTest

  .   ____          _            __ _ _
 /\\ / ___'_ __ _ _(_)_ __  __ _ \ \ \ \
( ( )\___ | '_ | '_| | '_ \/ _` | \ \ \ \
 \\/  ___)| |_)| | | | | || (_| |  ) ) ) )
  '  |____| .__|_| |_|_| |_\__, | / / / /
 =========|_|==============|___/=/_/_/_/
 :: Spring Boot ::                (v3.1.5)

2023-12-06T19:59:18.232+01:00  INFO 10842 --- [    Test worker] c.s.b.service.AuthServiceTest            : Starting AuthServiceTest using Java 17.0.9 with PID 10842 (started by simongoller in /Users/simongoller/Documents/SpringBoot/baleTrackerAPI)
2023-12-06T19:59:18.232+01:00  INFO 10842 --- [    Test worker] c.s.b.service.AuthServiceTest            : No active profile set, falling back to 1 default profile: "default"
2023-12-06T19:59:18.557+01:00  INFO 10842 --- [    Test worker] .s.d.r.c.RepositoryConfigurationDelegate : Bootstrapping Spring Data MongoDB repositories in DEFAULT mode.
2023-12-06T19:59:18.623+01:00  INFO 10842 --- [    Test worker] .s.d.r.c.RepositoryConfigurationDelegate : Finished Spring Data repository scanning in 64 ms. Found 1 MongoDB repository interfaces.
2023-12-06T19:59:18.833+01:00  INFO 10842 --- [    Test worker] org.mongodb.driver.client                : MongoClient with metadata {"driver": {"name": "mongo-java-driver|sync|spring-boot", "version": "4.9.1"}, "os": {"type": "Darwin", "name": "Mac OS X", "architecture": "aarch64", "version": "14.1.1"}, "platform": "Java/Amazon.com Inc./17.0.9+8-LTS"} created with settings MongoClientSettings{readPreference=primary, writeConcern=WriteConcern{w=null, wTimeout=null ms, journal=null}, retryWrites=true, retryReads=true, readConcern=ReadConcern{level=null}, credential=null, streamFactoryFactory=null, commandListeners=[], codecRegistry=ProvidersCodecRegistry{codecProviders=[ValueCodecProvider{}, BsonValueCodecProvider{}, DBRefCodecProvider{}, DBObjectCodecProvider{}, DocumentCodecProvider{}, CollectionCodecProvider{}, IterableCodecProvider{}, MapCodecProvider{}, GeoJsonCodecProvider{}, GridFSFileCodecProvider{}, Jsr310CodecProvider{}, JsonObjectCodecProvider{}, BsonCodecProvider{}, EnumCodecProvider{}, com.mongodb.client.model.mql.ExpressionCodecProvider@de579ff, com.mongodb.Jep395RecordCodecProvider@7971c2a9]}, loggerSettings=LoggerSettings{maxDocumentLength=1000}, clusterSettings={hosts=[localhost:27017], srvServiceName=mongodb, mode=SINGLE, requiredClusterType=UNKNOWN, requiredReplicaSetName='null', serverSelector='null', clusterListeners='[]', serverSelectionTimeout='30000 ms', localThreshold='30000 ms'}, socketSettings=SocketSettings{connectTimeoutMS=10000, readTimeoutMS=0, receiveBufferSize=0, sendBufferSize=0}, heartbeatSocketSettings=SocketSettings{connectTimeoutMS=10000, readTimeoutMS=10000, receiveBufferSize=0, sendBufferSize=0}, connectionPoolSettings=ConnectionPoolSettings{maxSize=100, minSize=0, maxWaitTimeMS=120000, maxConnectionLifeTimeMS=0, maxConnectionIdleTimeMS=0, maintenanceInitialDelayMS=0, maintenanceFrequencyMS=60000, connectionPoolListeners=[], maxConnecting=2}, serverSettings=ServerSettings{heartbeatFrequencyMS=10000, minHeartbeatFrequencyMS=500, serverListeners='[]', serverMonitorListeners='[]'}, sslSettings=SslSettings{enabled=false, invalidHostNameAllowed=false, context=null}, applicationName='null', compressorList=[], uuidRepresentation=JAVA_LEGACY, serverApi=null, autoEncryptionSettings=null, contextProvider=null}
2023-12-06T19:59:18.843+01:00  INFO 10842 --- [localhost:27017] org.mongodb.driver.cluster               : Monitor thread successfully connected to server with description ServerDescription{address=localhost:27017, type=STANDALONE, state=CONNECTED, ok=true, minWireVersion=0, maxWireVersion=21, maxDocumentSize=16777216, logicalSessionTimeoutMinutes=30, roundTripTimeNanos=8989166}
2023-12-06T19:59:19.188+01:00  INFO 10842 --- [    Test worker] o.s.s.web.DefaultSecurityFilterChain     : Will secure any request with [org.springframework.security.web.session.DisableEncodeUrlFilter@3a8fb023, org.springframework.security.web.context.request.async.WebAsyncManagerIntegrationFilter@26d73519, org.springframework.security.web.context.SecurityContextHolderFilter@53e28097, org.springframework.security.web.header.HeaderWriterFilter@1be77a76, org.springframework.security.web.authentication.logout.LogoutFilter@2d38db6f, com.simongoller.baleTrackerAPI.jwt.JwtAuthFilter@48af5f38, org.springframework.security.web.authentication.UsernamePasswordAuthenticationFilter@38667005, org.springframework.security.web.authentication.ui.DefaultLoginPageGeneratingFilter@797f97e3, org.springframework.security.web.authentication.ui.DefaultLogoutPageGeneratingFilter@40538370, org.springframework.security.web.authentication.www.BasicAuthenticationFilter@76134b9b, org.springframework.security.web.savedrequest.RequestCacheAwareFilter@75f4d8a8, org.springframework.security.web.servletapi.SecurityContextHolderAwareRequestFilter@2e1ba142, org.springframework.security.web.authentication.AnonymousAuthenticationFilter@71a2df1, org.springframework.security.web.session.SessionManagementFilter@7878bbdb, org.springframework.security.web.access.ExceptionTranslationFilter@4ca0b9b1, org.springframework.security.web.access.intercept.AuthorizationFilter@18811c42]
2023-12-06T19:59:19.435+01:00  INFO 10842 --- [    Test worker] c.s.b.service.AuthServiceTest            : Started AuthServiceTest in 1.295 seconds (process running for 1.779)
2023-12-06T19:59:20.654+01:00  INFO 10842 --- [    Test worker] c.s.baleTrackerAPI.jwt.JwtUtils          : New token: eyJhbGciOiJIUzM4NCJ9.eyJzdWIiOiJ1c2VybmFtZTEiLCJpYXQiOjE3MDE4ODkxNjAsImV4cCI6MTcwNDQ4MTE2MH0.Qfdv-ALGoH6ox5Tjw6fRkNFTns4JV_Ca4xqJDrElTtUrUXAvX8ryELkwy5qxkvcQ
]]></system-out>
  <system-err><![CDATA[]]></system-err>
</testsuite>
